2025-06-04 12:10:12,406 [INFO] Activator:176 - 


2025-06-04 12:10:12,414 [INFO] Activator:177 - !SESSION log4j initialized
2025-06-04 12:10:20,157 [INFO] LogOutputStream:77 - [STDOUT_REDIRECT] 
2025-06-04 12:10:25,123 [ERROR] ConfigurationRetriever:142 - IOException on connection: PKIX path building failed: sun.security.provider.certpath.SunCertPathBuilderException: unable to find valid certification path to requested target
2025-06-04 12:10:25,173 [ERROR] ConfigurationRetriever:142 - IOException on connection: PKIX path building failed: sun.security.provider.certpath.SunCertPathBuilderException: unable to find valid certification path to requested target
2025-06-04 12:10:25,224 [ERROR] ConfigurationRetriever:142 - IOException on connection: PKIX path building failed: sun.security.provider.certpath.SunCertPathBuilderException: unable to find valid certification path to requested target
2025-06-04 12:10:27,179 [INFO] ApplicationProperties:184 - Using Application install path: C:\ST\STM32CubeIDE_1.16.1\STM32CubeIDE\plugins\com.st.stm32cube.common.mx_6.12.1.202409122256
2025-06-04 12:10:27,202 [INFO] DbMcusXml:78 - Set database path to: C:\ST\STM32CubeIDE_1.16.1\STM32CubeIDE\plugins\com.st.stm32cube.common.mx_6.12.1.202409122256\\db\/mcu/
2025-06-04 12:10:27,202 [INFO] ApiDb:274 - Set plugin database path to: C:\ST\STM32CubeIDE_1.16.1\STM32CubeIDE\plugins\com.st.stm32cube.common.mx_6.12.1.202409122256\\db\/plugins/boardmanager/
2025-06-04 12:10:27,203 [WARN] ApiDb:259 - Overriding images path with different value:  => C:\ST\STM32CubeIDE_1.16.1\STM32CubeIDE\plugins\com.st.stm32cube.common.mx_6.12.1.202409122256\\db\/plugins/mcufinder/images/
2025-06-04 12:10:27,221 [INFO] ApiDb:250 - Set database path to: C:\Users\LENOVO\.stmcufinder\plugins\mcufinder//mcu/
2025-06-04 12:10:27,222 [INFO] DbMcusAds:125 - Set database path to: C:\Users\LENOVO\.stmcufinder\plugins\mcufinder//mcu/
2025-06-04 12:10:27,226 [INFO] CrossReferenceDbSqlite:203 - Set database path to: C:\Users\LENOVO\.stmcufinder\plugins\mcufinder//mcu/cs/
2025-06-04 12:10:27,391 [INFO] RulesReader:64 - Compatibility file has been processed (297 Rules)
2025-06-04 12:10:27,482 [INFO] DbMcusXml:78 - Set database path to: C:\ST\STM32CubeIDE_1.16.1\STM32CubeIDE\plugins\com.st.stm32cube.common.mx_6.12.1.202409122256\\db\/mcu/
2025-06-04 12:10:27,483 [INFO] ApiDb:274 - Set plugin database path to: C:\ST\STM32CubeIDE_1.16.1\STM32CubeIDE\plugins\com.st.stm32cube.common.mx_6.12.1.202409122256\\db\/plugins/boardmanager/
2025-06-04 12:10:27,483 [INFO] ApiDb:261 - Set plugin images path to: C:\ST\STM32CubeIDE_1.16.1\STM32CubeIDE\plugins\com.st.stm32cube.common.mx_6.12.1.202409122256\\db\/plugins/mcufinder/images/
2025-06-04 12:10:27,483 [WARN] DbFile:41 - Overriding database path with different value: C:\Users\LENOVO\.stmcufinder\plugins\mcufinder/ => C:\Users\LENOVO\.stmcufinder\plugins\mcufinder
2025-06-04 12:10:27,483 [INFO] ApiDb:250 - Set database path to: C:\Users\LENOVO\.stmcufinder\plugins\mcufinder//mcu/
2025-06-04 12:10:27,483 [WARN] DbFile:41 - Overriding database path with different value: C:\Users\LENOVO\.stmcufinder\plugins\mcufinder/ => C:\Users\LENOVO\.stmcufinder\plugins\mcufinder
2025-06-04 12:10:27,484 [INFO] DbMcusAds:125 - Set database path to: C:\Users\LENOVO\.stmcufinder\plugins\mcufinder//mcu/
2025-06-04 12:10:27,484 [WARN] DbFile:41 - Overriding database path with different value: C:\Users\LENOVO\.stmcufinder\plugins\mcufinder/ => C:\Users\LENOVO\.stmcufinder\plugins\mcufinder
2025-06-04 12:10:27,484 [WARN] DbFile:41 - Overriding database path with different value: C:\Users\LENOVO\.stmcufinder\plugins\mcufinder/ => C:\Users\LENOVO\.stmcufinder\plugins\mcufinder
2025-06-04 12:10:27,484 [INFO] CrossReferenceDbSqlite:203 - Set database path to: C:\Users\LENOVO\.stmcufinder\plugins\mcufinder//mcu/cs/
2025-06-04 12:10:27,593 [INFO] MainPanel:268 - HeapMemory: 268435456
2025-06-04 12:10:27,714 [INFO] DbMcusXml:78 - Set database path to: C:\ST\STM32CubeIDE_1.16.1\STM32CubeIDE\plugins\com.st.stm32cube.common.mx_6.12.1.202409122256\\db\/mcu/
2025-06-04 12:10:27,715 [INFO] ApiDb:274 - Set plugin database path to: C:\ST\STM32CubeIDE_1.16.1\STM32CubeIDE\plugins\com.st.stm32cube.common.mx_6.12.1.202409122256\\db\/plugins/boardmanager/
2025-06-04 12:10:27,715 [INFO] ApiDb:261 - Set plugin images path to: C:\ST\STM32CubeIDE_1.16.1\STM32CubeIDE\plugins\com.st.stm32cube.common.mx_6.12.1.202409122256\\db\/plugins/mcufinder/images/
2025-06-04 12:10:27,715 [WARN] DbFile:41 - Overriding database path with different value: C:\Users\LENOVO\.stmcufinder\plugins\mcufinder/ => C:\Users\LENOVO\.stmcufinder\plugins\mcufinder
2025-06-04 12:10:27,715 [INFO] ApiDb:250 - Set database path to: C:\Users\LENOVO\.stmcufinder\plugins\mcufinder//mcu/
2025-06-04 12:10:27,715 [WARN] DbFile:41 - Overriding database path with different value: C:\Users\LENOVO\.stmcufinder\plugins\mcufinder/ => C:\Users\LENOVO\.stmcufinder\plugins\mcufinder
2025-06-04 12:10:27,716 [INFO] DbMcusAds:125 - Set database path to: C:\Users\LENOVO\.stmcufinder\plugins\mcufinder//mcu/
2025-06-04 12:10:27,716 [WARN] DbFile:41 - Overriding database path with different value: C:\Users\LENOVO\.stmcufinder\plugins\mcufinder/ => C:\Users\LENOVO\.stmcufinder\plugins\mcufinder
2025-06-04 12:10:27,716 [WARN] DbFile:41 - Overriding database path with different value: C:\Users\LENOVO\.stmcufinder\plugins\mcufinder/ => C:\Users\LENOVO\.stmcufinder\plugins\mcufinder
2025-06-04 12:10:27,716 [INFO] CrossReferenceDbSqlite:203 - Set database path to: C:\Users\LENOVO\.stmcufinder\plugins\mcufinder//mcu/cs/
2025-06-04 12:10:27,736 [INFO] ApplicationProperties:184 - Using Application install path: C:\ST\STM32CubeIDE_1.16.1\STM32CubeIDE\plugins\com.st.stm32cube.common.mx_6.12.1.202409122256
2025-06-04 12:10:27,739 [INFO] PluginManage:196 - Search for loadable plugins [exclusion list=, ]
2025-06-04 12:10:27,741 [INFO] PluginManage:310 - Check plugin analytics
2025-06-04 12:10:32,485 [INFO] AnalyticsPlugin:253 - Accepted Software Licenses: STM32CubeMX.6.7.0
2025-06-04 12:10:32,485 [INFO] AnalyticsPlugin:255 - Accepted CMSIS Pack Licenses: 
2025-06-04 12:10:32,485 [INFO] AnalyticsPlugin:257 - Accepted Firmware Licenses: FW.F4.1.27.0,FW.F4.1.28.0
2025-06-04 12:10:32,487 [INFO] PluginManage:359 - Loaded plugin analytics (category:tool,tabindex:-1)
2025-06-04 12:10:32,488 [INFO] PluginManage:310 - Check plugin cadmodel
2025-06-04 12:10:32,505 [INFO] CADModel:105 - Init CAD model plugin
2025-06-04 12:10:32,505 [INFO] PluginManage:359 - Loaded plugin cadmodel (category:power,tabindex:5)
2025-06-04 12:10:32,505 [INFO] PluginManage:310 - Check plugin clock
2025-06-04 12:10:32,527 [INFO] PluginManage:359 - Loaded plugin clock (category:base,tabindex:2)
2025-06-04 12:10:32,527 [INFO] PluginManage:310 - Check plugin ddr
2025-06-04 12:10:32,530 [INFO] PluginManage:359 - Loaded plugin ddr (category:tool,tabindex:6)
2025-06-04 12:10:32,530 [INFO] PluginManage:310 - Check plugin filemanager
2025-06-04 12:10:32,585 [ERROR] ConfigurationRetriever:142 - IOException on connection: PKIX path building failed: sun.security.provider.certpath.SunCertPathBuilderException: unable to find valid certification path to requested target
2025-06-04 12:10:32,635 [ERROR] ConfigurationRetriever:142 - IOException on connection: PKIX path building failed: sun.security.provider.certpath.SunCertPathBuilderException: unable to find valid certification path to requested target
2025-06-04 12:10:32,683 [INFO] PluginManage:359 - Loaded plugin filemanager (category:base,tabindex:10)
2025-06-04 12:10:32,683 [INFO] PluginManage:310 - Check plugin ipmanager
2025-06-04 12:10:32,687 [ERROR] ConfigurationRetriever:142 - IOException on connection: PKIX path building failed: sun.security.provider.certpath.SunCertPathBuilderException: unable to find valid certification path to requested target
2025-06-04 12:10:32,690 [INFO] PluginManage:359 - Loaded plugin ipmanager (category:base,tabindex:5)
2025-06-04 12:10:32,690 [INFO] PluginManage:310 - Check plugin lpbam
2025-06-04 12:10:32,710 [INFO] PluginManage:359 - Loaded plugin lpbam (category:base,tabindex:0)
2025-06-04 12:10:32,710 [INFO] PluginManage:310 - Check plugin memorymap
2025-06-04 12:10:32,737 [INFO] PluginManage:359 - Loaded plugin memorymap (category:base,tabindex:4)
2025-06-04 12:10:32,737 [INFO] PluginManage:310 - Check plugin pinoutandconfiguration
2025-06-04 12:10:32,758 [INFO] PluginManage:359 - Loaded plugin pinoutandconfiguration (category:base,tabindex:1)
2025-06-04 12:10:32,758 [INFO] PluginManage:310 - Check plugin pinoutconfig
2025-06-04 12:10:32,868 [WARN] SupportedApi:132 - Cannot load RTOS API schema: s4s-elt-must-match.1: The content of 'definitions' must match (annotation?, (simpleType | complexType)?, (unique | key | keyref)*)). A problem was found starting at: attribute.
2025-06-04 12:10:33,001 [INFO] PluginManage:359 - Loaded plugin pinoutconfig (category:base,tabindex:0)
2025-06-04 12:10:33,001 [INFO] PluginManage:310 - Check plugin power
2025-06-04 12:10:33,023 [INFO] PluginManage:359 - Loaded plugin power (category:power,tabindex:4)
2025-06-04 12:10:33,023 [INFO] PluginManage:310 - Check plugin projectmanager
2025-06-04 12:10:33,038 [INFO] PluginManage:359 - Loaded plugin projectmanager (category:projectmanager,tabindex:4)
2025-06-04 12:10:33,038 [INFO] PluginManage:310 - Check plugin rif
2025-06-04 12:10:33,056 [INFO] PluginManage:359 - Loaded plugin rif (category:base,tabindex:3)
2025-06-04 12:10:33,056 [INFO] PluginManage:310 - Check plugin thirdparty
2025-06-04 12:10:33,355 [INFO] PluginManage:359 - Loaded plugin thirdparty (category:base,tabindex:-1)
2025-06-04 12:10:33,355 [WARN] IntegrityCheckThread:84 - waiting for thirdparty lock release [integrity check]
2025-06-04 12:10:33,356 [INFO] PluginManage:310 - Check plugin tools
2025-06-04 12:10:33,356 [INFO] IntegrityCheckThread:86 - entering critical section [integrity check]
2025-06-04 12:10:33,356 [INFO] ThirdPartyUpdaterWithRetryManager:70 - Updater plugin not ready yet. [1/15]
2025-06-04 12:10:33,399 [INFO] PluginManage:359 - Loaded plugin tools (category:base,tabindex:7)
2025-06-04 12:10:33,399 [INFO] PluginManage:310 - Check plugin tutovideos
2025-06-04 12:10:33,612 [INFO] PluginManage:359 - Loaded plugin tutovideos (category:base,tabindex:-1)
2025-06-04 12:10:33,613 [INFO] PluginManage:310 - Check plugin updater
2025-06-04 12:10:33,628 [INFO] PluginManage:359 - Loaded plugin updater (category:base,tabindex:12)
2025-06-04 12:10:33,628 [INFO] PluginManage:310 - Check plugin userauth
2025-06-04 12:10:33,634 [INFO] UserAuth:113 - Init User Auth plugin
2025-06-04 12:10:33,635 [INFO] PluginManage:359 - Loaded plugin userauth (category:base,tabindex:14)
2025-06-04 12:10:33,635 [INFO] PluginManage:283 - PluginManage : Loaded plugins [18]
2025-06-04 12:10:33,842 [INFO] PinOutPanel:1561 - setPackage(No Configuration,No Configuration)
2025-06-04 12:10:33,966 [INFO] CADModel:165 - CPN selected for project level
2025-06-04 12:10:33,977 [INFO] CADModel:114 - Register for checkConnection events
2025-06-04 12:10:34,012 [INFO] IPUIPlugin:80 - create IPUIPlugin
2025-06-04 12:10:34,012 [INFO] PluginManager:220 - loadIPPluginJar : add adc
2025-06-04 12:10:34,071 [INFO] IPUIPlugin:80 - create IPUIPlugin
2025-06-04 12:10:34,071 [INFO] PluginManager:220 - loadIPPluginJar : add aes
2025-06-04 12:10:34,133 [INFO] IPUIPlugin:80 - create IPUIPlugin
2025-06-04 12:10:34,133 [INFO] PluginManager:220 - loadIPPluginJar : add can
2025-06-04 12:10:34,170 [INFO] IPUIPlugin:80 - create IPUIPlugin
2025-06-04 12:10:34,170 [INFO] PluginManager:220 - loadIPPluginJar : add comp
2025-06-04 12:10:34,216 [INFO] IPUIPlugin:80 - create IPUIPlugin
2025-06-04 12:10:34,216 [INFO] PluginManager:220 - loadIPPluginJar : add cryp
2025-06-04 12:10:34,230 [INFO] IPUIPlugin:80 - create IPUIPlugin
2025-06-04 12:10:34,230 [INFO] PluginManager:220 - loadIPPluginJar : add ddr_ctrl_phy
2025-06-04 12:10:34,268 [INFO] IPUIPlugin:80 - create IPUIPlugin
2025-06-04 12:10:34,268 [INFO] PluginManager:220 - loadIPPluginJar : add dfsdm
2025-06-04 12:10:34,284 [INFO] IPUIPlugin:80 - create IPUIPlugin
2025-06-04 12:10:34,284 [INFO] PluginManager:220 - loadIPPluginJar : add dma
2025-06-04 12:10:34,341 [INFO] IPUIPlugin:80 - create IPUIPlugin
2025-06-04 12:10:34,342 [INFO] PluginManager:220 - loadIPPluginJar : add dma3
2025-06-04 12:10:34,399 [INFO] IPUIPlugin:80 - create IPUIPlugin
2025-06-04 12:10:34,399 [INFO] PluginManager:220 - loadIPPluginJar : add extmemmanager
2025-06-04 12:10:34,430 [INFO] IPUIPlugin:80 - create IPUIPlugin
2025-06-04 12:10:34,430 [INFO] PluginManager:220 - loadIPPluginJar : add fatfs
2025-06-04 12:10:34,491 [INFO] IPUIPlugin:80 - create IPUIPlugin
2025-06-04 12:10:34,491 [INFO] PluginManager:220 - loadIPPluginJar : add fmc
2025-06-04 12:10:34,512 [INFO] IPUIPlugin:80 - create IPUIPlugin
2025-06-04 12:10:34,512 [INFO] PluginManager:220 - loadIPPluginJar : add freertos
2025-06-04 12:10:34,541 [INFO] IPUIPlugin:80 - create IPUIPlugin
2025-06-04 12:10:34,541 [INFO] PluginManager:220 - loadIPPluginJar : add genericplugin
2025-06-04 12:10:34,671 [INFO] IPUIPlugin:80 - create IPUIPlugin
2025-06-04 12:10:34,671 [INFO] PluginManager:220 - loadIPPluginJar : add gfxmmu
2025-06-04 12:10:34,860 [INFO] IPUIPlugin:80 - create IPUIPlugin
2025-06-04 12:10:34,860 [INFO] PluginManager:220 - loadIPPluginJar : add gic
2025-06-04 12:10:34,878 [INFO] IPUIPlugin:80 - create IPUIPlugin
2025-06-04 12:10:34,879 [INFO] PluginManager:220 - loadIPPluginJar : add gpio
2025-06-04 12:10:34,999 [INFO] IPUIPlugin:80 - create IPUIPlugin
2025-06-04 12:10:35,000 [INFO] PluginManager:220 - loadIPPluginJar : add gtzc
2025-06-04 12:10:35,044 [INFO] IPUIPlugin:80 - create IPUIPlugin
2025-06-04 12:10:35,045 [INFO] PluginManager:220 - loadIPPluginJar : add hash
2025-06-04 12:10:35,111 [INFO] IPUIPlugin:80 - create IPUIPlugin
2025-06-04 12:10:35,111 [INFO] PluginManager:220 - loadIPPluginJar : add i2c
2025-06-04 12:10:35,164 [INFO] IPUIPlugin:80 - create IPUIPlugin
2025-06-04 12:10:35,164 [INFO] PluginManager:220 - loadIPPluginJar : add i2s
2025-06-04 12:10:35,217 [INFO] IPUIPlugin:80 - create IPUIPlugin
2025-06-04 12:10:35,217 [INFO] PluginManager:220 - loadIPPluginJar : add i3c
2025-06-04 12:10:35,344 [INFO] IPUIPlugin:80 - create IPUIPlugin
2025-06-04 12:10:35,344 [INFO] PluginManager:220 - loadIPPluginJar : add ipddr
2025-06-04 12:10:35,471 [INFO] IPUIPlugin:80 - create IPUIPlugin
2025-06-04 12:10:35,471 [INFO] PluginManager:220 - loadIPPluginJar : add linkedlist
2025-06-04 12:10:35,518 [INFO] IPUIPlugin:80 - create IPUIPlugin
2025-06-04 12:10:35,518 [INFO] PluginManager:220 - loadIPPluginJar : add lorawan
2025-06-04 12:10:35,567 [INFO] IPUIPlugin:80 - create IPUIPlugin
2025-06-04 12:10:35,567 [INFO] PluginManager:220 - loadIPPluginJar : add ltdc
2025-06-04 12:10:35,584 [INFO] IPUIPlugin:80 - create IPUIPlugin
2025-06-04 12:10:35,584 [INFO] PluginManager:220 - loadIPPluginJar : add mdma
2025-06-04 12:10:35,601 [INFO] IPUIPlugin:80 - create IPUIPlugin
2025-06-04 12:10:35,601 [INFO] PluginManager:220 - loadIPPluginJar : add nvic
2025-06-04 12:10:35,651 [INFO] IPUIPlugin:80 - create IPUIPlugin
2025-06-04 12:10:35,651 [INFO] PluginManager:220 - loadIPPluginJar : add opamp
2025-06-04 12:10:35,732 [INFO] IPUIPlugin:80 - create IPUIPlugin
2025-06-04 12:10:35,732 [INFO] PluginManager:220 - loadIPPluginJar : add openamp
2025-06-04 12:10:35,793 [INFO] IPUIPlugin:80 - create IPUIPlugin
2025-06-04 12:10:35,794 [INFO] PluginManager:220 - loadIPPluginJar : add pdm2pcm
2025-06-04 12:10:35,814 [INFO] IPUIPlugin:80 - create IPUIPlugin
2025-06-04 12:10:35,817 [INFO] PluginManager:220 - loadIPPluginJar : add plateformsettings
2025-06-04 12:10:35,859 [INFO] IPUIPlugin:80 - create IPUIPlugin
2025-06-04 12:10:35,859 [INFO] PluginManager:220 - loadIPPluginJar : add quadspi
2025-06-04 12:10:35,899 [INFO] IPUIPlugin:80 - create IPUIPlugin
2025-06-04 12:10:35,899 [INFO] PluginManager:220 - loadIPPluginJar : add radio
2025-06-04 12:10:35,924 [INFO] IPUIPlugin:80 - create IPUIPlugin
2025-06-04 12:10:35,924 [INFO] PluginManager:220 - loadIPPluginJar : add resmgrutility
2025-06-04 12:10:36,020 [INFO] IPUIPlugin:80 - create IPUIPlugin
2025-06-04 12:10:36,020 [INFO] PluginManager:220 - loadIPPluginJar : add sai
2025-06-04 12:10:36,087 [INFO] IPUIPlugin:80 - create IPUIPlugin
2025-06-04 12:10:36,087 [INFO] PluginManager:220 - loadIPPluginJar : add spi
2025-06-04 12:10:36,206 [INFO] IPUIPlugin:80 - create IPUIPlugin
2025-06-04 12:10:36,206 [INFO] PluginManager:220 - loadIPPluginJar : add stm32_wpan
2025-06-04 12:10:36,243 [INFO] IPUIPlugin:80 - create IPUIPlugin
2025-06-04 12:10:36,243 [INFO] PluginManager:220 - loadIPPluginJar : add tim
2025-06-04 12:10:36,326 [INFO] IPUIPlugin:80 - create IPUIPlugin
2025-06-04 12:10:36,326 [INFO] PluginManager:220 - loadIPPluginJar : add touchsensing
2025-06-04 12:10:36,357 [INFO] ThirdPartyUpdaterWithRetryManager:70 - Updater plugin not ready yet. [2/15]
2025-06-04 12:10:36,360 [INFO] IPUIPlugin:80 - create IPUIPlugin
2025-06-04 12:10:36,360 [INFO] PluginManager:220 - loadIPPluginJar : add tracer_emb
2025-06-04 12:10:36,392 [INFO] IPUIPlugin:80 - create IPUIPlugin
2025-06-04 12:10:36,393 [INFO] PluginManager:220 - loadIPPluginJar : add ts
2025-06-04 12:10:36,423 [INFO] IPUIPlugin:80 - create IPUIPlugin
2025-06-04 12:10:36,423 [INFO] PluginManager:220 - loadIPPluginJar : add tsc
2025-06-04 12:10:36,453 [INFO] IPUIPlugin:80 - create IPUIPlugin
2025-06-04 12:10:36,453 [INFO] PluginManager:220 - loadIPPluginJar : add ucpd
2025-06-04 12:10:36,507 [INFO] IPUIPlugin:80 - create IPUIPlugin
2025-06-04 12:10:36,507 [INFO] PluginManager:220 - loadIPPluginJar : add usart
2025-06-04 12:10:36,564 [INFO] IPUIPlugin:80 - create IPUIPlugin
2025-06-04 12:10:36,564 [INFO] PluginManager:220 - loadIPPluginJar : add usbx
2025-06-04 12:10:36,679 [INFO] CADModel:165 - CPN selected for project level
2025-06-04 12:10:36,679 [INFO] CADModel:114 - Register for checkConnection events
2025-06-04 12:10:36,679 [FATAL] Updater:334 - Updater called before beeing initialized
2025-06-04 12:10:36,679 [ERROR] CADModel:125 - Updater not yet initialized, retry later 
2025-06-04 12:10:36,808 [INFO] CADModel:165 - CPN selected for project level
2025-06-04 12:10:36,808 [INFO] CADModel:114 - Register for checkConnection events
2025-06-04 12:10:36,808 [FATAL] Updater:334 - Updater called before beeing initialized
2025-06-04 12:10:36,808 [ERROR] CADModel:125 - Updater not yet initialized, retry later 
2025-06-04 12:10:36,811 [FATAL] Updater:334 - Updater called before beeing initialized
2025-06-04 12:10:36,916 [FATAL] Updater:334 - Updater called before beeing initialized
2025-06-04 12:10:36,929 [INFO] DbMcusAds:53 - JSON generation date=Wed May 07 11:07:55 CEST 2025 (1746608875679)
2025-06-04 12:10:36,929 [FATAL] Updater:334 - Updater called before beeing initialized
2025-06-04 12:10:36,972 [WARN] DetailPanel:346 - Failed to get advertising image, set to default
2025-06-04 12:10:37,083 [FATAL] Updater:334 - Updater called before beeing initialized
2025-06-04 12:10:37,085 [FATAL] Updater:334 - Updater called before beeing initialized
2025-06-04 12:10:37,085 [FATAL] Updater:334 - Updater called before beeing initialized
2025-06-04 12:10:37,085 [WARN] DetailPanel:346 - Failed to get advertising image, set to default
2025-06-04 12:10:37,086 [FATAL] Updater:334 - Updater called before beeing initialized
2025-06-04 12:10:37,144 [ERROR] Updater:1164 - MainUpdater not yet initialized. External WinMGr cannot be set.
2025-06-04 12:10:37,160 [INFO] Updater:1100 - Updater Version found : 6.12.1
2025-06-04 12:10:37,177 [INFO] ApplicationProperties:184 - Using Application install path: C:\ST\STM32CubeIDE_1.16.1\STM32CubeIDE\plugins\com.st.stm32cube.common.mx_6.12.1.202409122256
2025-06-04 12:10:37,268 [INFO] MainUpdater:526 - Copy updater definitions from MX database
2025-06-04 12:10:37,489 [INFO] MainUpdater:2873 - connection check result : 22
2025-06-04 12:10:37,490 [INFO] MainUpdater:290 - Updater Check For Update Now.
2025-06-04 12:10:37,490 [INFO] MicroXplorer:498 - Change Database Version : DB.6.0.121
2025-06-04 12:10:37,510 [INFO] McuFinderGlobals:63 - Set McuFinder mode to 2 (CubeIDE integrated)
2025-06-04 12:10:37,521 [INFO] UserAuth:417 - Internet connection configuration mode: 2
2025-06-04 12:10:37,527 [INFO] UserAuth:417 - Internet connection configuration mode: 2
2025-06-04 12:10:37,745 [INFO] CheckServerUpdateThread:120 - End of CheckServer Thread
2025-06-04 12:10:39,593 [WARN] PackLoader:240 - Cannot read IP mode file for STMicroelectronics.FP-SNS-MOTENVWB1.1.4.0
2025-06-04 12:10:39,612 [WARN] PackLoader:240 - Cannot read IP mode file for STMicroelectronics.FP-ATR-ASTRA1.2.0.2
2025-06-04 12:10:39,627 [WARN] PackLoader:240 - Cannot read IP mode file for STMicroelectronics.FP-ATR-ASTRA1.2.0.1
2025-06-04 12:10:39,649 [WARN] PackLoader:240 - Cannot read IP mode file for STMicroelectronics.X-CUBE-SMBUS.2.1.0
2025-06-04 12:10:39,673 [WARN] PackLoader:240 - Cannot read IP mode file for STMicroelectronics.X-CUBE-WB05N.1.1.0
2025-06-04 12:10:39,688 [ERROR] Engine:466 - C:\Users\LENOVO\.stm32cubemx\thirdparties\pdsc\STMicroelectronics.X-CUBE-ST60.1.0.0.pdsc: PDSC version is not supported
2025-06-04 12:10:39,736 [WARN] PackLoader:240 - Cannot read IP mode file for STMicroelectronics.X-CUBE-AZRTOS-F7.1.1.0
2025-06-04 12:10:39,820 [WARN] PackLoader:240 - Cannot read IP mode file for STMicroelectronics.X-CUBE-MEMS1.11.0.0
2025-06-04 12:10:40,055 [WARN] PackLoader:240 - Cannot read IP mode file for STMicroelectronics.X-CUBE-BLE1.6.2.4
2025-06-04 12:10:40,085 [WARN] PackLoader:240 - Cannot read IP mode file for STMicroelectronics.FP-SNS-FLIGHT1.5.0.2
2025-06-04 12:10:40,111 [WARN] PackLoader:240 - Cannot read IP mode file for STMicroelectronics.X-CUBE-DISPLAY.3.0.0
2025-06-04 12:10:40,138 [WARN] PackLoader:240 - Cannot read IP mode file for STMicroelectronics.X-CUBE-BLE1.7.0.0
2025-06-04 12:10:40,156 [WARN] PackLoader:240 - Cannot read IP mode file for STMicroelectronics.X-CUBE-NFC10.1.0.0
2025-06-04 12:10:40,179 [WARN] PackLoader:240 - Cannot read IP mode file for STMicroelectronics.X-CUBE-BLEMGR.4.0.0
2025-06-04 12:10:40,205 [WARN] PackLoader:240 - Cannot read IP mode file for STMicroelectronics.X-CUBE-BLEMGR.3.1.0
2025-06-04 12:10:40,225 [WARN] PackLoader:240 - Cannot read IP mode file for STMicroelectronics.X-CUBE-AI.10.0.0
2025-06-04 12:10:40,240 [WARN] PackLoader:240 - Cannot read IP mode file for STMicroelectronics.FP-SNS-SMARTAG2.1.2.0
2025-06-04 12:10:40,253 [ERROR] Engine:466 - C:\Users\LENOVO\.stm32cubemx\thirdparties\pdsc\STMicroelectronics.FP-SNS-FLIGHT1.5.1.0.pdsc: PDSC version is not supported
2025-06-04 12:10:40,336 [WARN] PackLoader:240 - Cannot read IP mode file for STMicroelectronics.X-CUBE-MEMS1.11.1.0
2025-06-04 12:10:40,448 [INFO] LogOutputStream:77 - [STDOUT_REDIRECT] 1 : Invalid condition id : UX_CORESTACK_Condition cause : null
2025-06-04 12:10:40,448 [INFO] LogOutputStream:77 - [STDOUT_REDIRECT] 1 : Invalid condition id : UX_CORESTACK_Condition cause : null
2025-06-04 12:10:40,449 [INFO] LogOutputStream:77 - [STDOUT_REDIRECT] 1 : Invalid condition id : UX_CORESTACK_Condition cause : null
2025-06-04 12:10:40,451 [INFO] LogOutputStream:77 - [STDOUT_REDIRECT] 1 : Invalid condition id : UX_CORESTACK_Condition cause : null
2025-06-04 12:10:40,454 [INFO] LogOutputStream:77 - [STDOUT_REDIRECT] 1 : Invalid condition id : UX_CORESTACK_Condition cause : null
2025-06-04 12:10:40,457 [WARN] PackLoader:240 - Cannot read IP mode file for STMicroelectronics.X-CUBE-AZRTOS-WL.2.0.0
2025-06-04 12:10:40,473 [WARN] PackLoader:240 - Cannot read IP mode file for STMicroelectronics.FP-SNS-MOTENV1.5.0.0
2025-06-04 12:10:40,488 [WARN] PackLoader:240 - Cannot read IP mode file for wolfSSL.I-CUBE-wolfMQTT.1.19.0
2025-06-04 12:10:40,507 [WARN] PackLoader:240 - Cannot read IP mode file for WES.I-CUBE-Cesium.1.3.0
2025-06-04 12:10:40,523 [WARN] PackLoader:240 - Cannot read IP mode file for STMicroelectronics.X-CUBE-BLE2.3.3.0
2025-06-04 12:10:40,540 [WARN] PackLoader:240 - Cannot read IP mode file for STMicroelectronics.X-CUBE-DISPLAY.2.2.0
2025-06-04 12:10:40,565 [WARN] PackLoader:240 - Cannot read IP mode file for STMicroelectronics.X-CUBE-TOF1.3.2.0
2025-06-04 12:10:40,586 [WARN] PackLoader:240 - Cannot read IP mode file for STMicroelectronics.X-CUBE-NFC9.1.0.0
2025-06-04 12:10:40,609 [WARN] PackLoader:240 - Cannot read IP mode file for STMicroelectronics.X-CUBE-BLE1.7.1.0
2025-06-04 12:10:40,626 [WARN] PackLoader:240 - Cannot read IP mode file for STMicroelectronics.X-CUBE-TCPP.4.1.0
2025-06-04 12:10:40,643 [WARN] PackLoader:240 - Cannot read IP mode file for STMicroelectronics.X-CUBE-TOUCHGFX.4.21.0
2025-06-04 12:10:40,703 [WARN] PackLoader:240 - Cannot read IP mode file for STMicroelectronics.X-CUBE-MEMS1.9.4.0
2025-06-04 12:10:40,814 [WARN] PackLoader:240 - Cannot read IP mode file for STMicroelectronics.X-CUBE-AI.7.3.0
2025-06-04 12:10:40,831 [WARN] PackLoader:240 - Cannot read IP mode file for STMicroelectronics.X-CUBE-AI.10.1.0
2025-06-04 12:10:40,847 [WARN] PackLoader:240 - Cannot read IP mode file for STMicroelectronics.X-CUBE-ALGOBUILD.1.3.0
2025-06-04 12:10:40,913 [WARN] PackLoader:240 - Cannot read IP mode file for STMicroelectronics.X-CUBE-MEMS1.11.2.0
2025-06-04 12:10:41,039 [WARN] PackLoader:240 - Cannot read IP mode file for STMicroelectronics.X-CUBE-AZRTOS-G0.1.1.0
2025-06-04 12:10:41,056 [WARN] PackLoader:240 - Cannot read IP mode file for STMicroelectronics.X-CUBE-SAFEA1.1.2.2
2025-06-04 12:10:41,073 [WARN] PackLoader:240 - Cannot read IP mode file for STMicroelectronics.X-CUBE-NFC4.3.0.0
2025-06-04 12:10:41,095 [WARN] PackLoader:240 - Cannot read IP mode file for EmbeddedOffice.I-CUBE-FS-RTOS.1.0.1
2025-06-04 12:10:41,096 [ERROR] ConditionMgr:805 - Attr not supported : Dmpu
2025-06-04 12:10:41,096 [ERROR] ConditionMgr:805 - Attr not supported : Dmpu
2025-06-04 12:10:41,096 [ERROR] ConditionMgr:805 - Attr not supported : Dmpu
2025-06-04 12:10:41,096 [ERROR] ConditionMgr:805 - Attr not supported : Dmpu
2025-06-04 12:10:41,096 [ERROR] ConditionMgr:805 - Attr not supported : Dmpu
2025-06-04 12:10:41,096 [ERROR] ConditionMgr:805 - Attr not supported : Dmpu
2025-06-04 12:10:41,096 [ERROR] ConditionMgr:805 - Attr not supported : Dmpu
2025-06-04 12:10:41,096 [ERROR] ConditionMgr:805 - Attr not supported : Dmpu
2025-06-04 12:10:41,096 [ERROR] ConditionMgr:805 - Attr not supported : Dmpu
2025-06-04 12:10:41,097 [ERROR] ConditionMgr:805 - Attr not supported : Dmpu
2025-06-04 12:10:41,097 [ERROR] ConditionMgr:805 - Attr not supported : Dmpu
2025-06-04 12:10:41,097 [ERROR] ConditionMgr:805 - Attr not supported : Dmpu
2025-06-04 12:10:41,097 [ERROR] ConditionMgr:805 - Attr not supported : Dmpu
2025-06-04 12:10:41,097 [ERROR] ConditionMgr:805 - Attr not supported : Dmpu
2025-06-04 12:10:41,097 [ERROR] ConditionMgr:805 - Attr not supported : Dmpu
2025-06-04 12:10:41,097 [ERROR] ConditionMgr:805 - Attr not supported : Dmpu
2025-06-04 12:10:41,097 [ERROR] ConditionMgr:805 - Attr not supported : Dmpu
2025-06-04 12:10:41,097 [ERROR] ConditionMgr:805 - Attr not supported : Dmpu
2025-06-04 12:10:41,097 [ERROR] ConditionMgr:805 - Attr not supported : Dmpu
2025-06-04 12:10:41,098 [ERROR] ConditionMgr:805 - Attr not supported : Dmpu
2025-06-04 12:10:41,098 [ERROR] ConditionMgr:805 - Attr not supported : Dmpu
2025-06-04 12:10:41,098 [ERROR] ConditionMgr:805 - Attr not supported : Dmpu
2025-06-04 12:10:41,098 [ERROR] ConditionMgr:805 - Attr not supported : Dmpu
2025-06-04 12:10:41,098 [ERROR] ConditionMgr:805 - Attr not supported : Dmpu
2025-06-04 12:10:41,098 [ERROR] ConditionMgr:805 - Attr not supported : Dmpu
2025-06-04 12:10:41,098 [ERROR] ConditionMgr:805 - Attr not supported : Dmpu
2025-06-04 12:10:41,098 [ERROR] ConditionMgr:805 - Attr not supported : Dmpu
2025-06-04 12:10:41,098 [ERROR] ConditionMgr:805 - Attr not supported : Dmpu
2025-06-04 12:10:41,098 [ERROR] ConditionMgr:805 - Attr not supported : Dmpu
2025-06-04 12:10:41,098 [ERROR] ConditionMgr:805 - Attr not supported : Dmpu
2025-06-04 12:10:41,099 [ERROR] ConditionMgr:805 - Attr not supported : Dmpu
2025-06-04 12:10:41,099 [ERROR] ConditionMgr:805 - Attr not supported : Dmpu
2025-06-04 12:10:41,099 [ERROR] ConditionMgr:805 - Attr not supported : Dmpu
2025-06-04 12:10:41,099 [ERROR] ConditionMgr:805 - Attr not supported : Dmpu
2025-06-04 12:10:41,099 [ERROR] ConditionMgr:805 - Attr not supported : Dmpu
2025-06-04 12:10:41,099 [ERROR] ConditionMgr:805 - Attr not supported : Dmpu
2025-06-04 12:10:41,099 [ERROR] ConditionMgr:805 - Attr not supported : Dmpu
2025-06-04 12:10:41,099 [ERROR] ConditionMgr:805 - Attr not supported : Dmpu
2025-06-04 12:10:41,099 [ERROR] ConditionMgr:805 - Attr not supported : Dmpu
2025-06-04 12:10:41,099 [ERROR] ConditionMgr:805 - Attr not supported : Dmpu
2025-06-04 12:10:41,100 [ERROR] ConditionMgr:805 - Attr not supported : Dmpu
2025-06-04 12:10:41,100 [ERROR] ConditionMgr:805 - Attr not supported : Dmpu
2025-06-04 12:10:41,100 [ERROR] ConditionMgr:805 - Attr not supported : Dmpu
2025-06-04 12:10:41,100 [ERROR] ConditionMgr:805 - Attr not supported : Dmpu
2025-06-04 12:10:41,100 [ERROR] ConditionMgr:805 - Attr not supported : Dmpu
2025-06-04 12:10:41,100 [ERROR] ConditionMgr:805 - Attr not supported : Dmpu
2025-06-04 12:10:41,100 [ERROR] ConditionMgr:805 - Attr not supported : Dmpu
2025-06-04 12:10:41,100 [ERROR] ConditionMgr:805 - Attr not supported : Dmpu
2025-06-04 12:10:41,101 [ERROR] ConditionMgr:805 - Attr not supported : Dmpu
2025-06-04 12:10:41,101 [ERROR] ConditionMgr:805 - Attr not supported : Dmpu
2025-06-04 12:10:41,101 [ERROR] ConditionMgr:805 - Attr not supported : Dmpu
2025-06-04 12:10:41,101 [ERROR] ConditionMgr:805 - Attr not supported : Dmpu
2025-06-04 12:10:41,101 [ERROR] ConditionMgr:805 - Attr not supported : Dmpu
2025-06-04 12:10:41,101 [ERROR] ConditionMgr:805 - Attr not supported : Dmpu
2025-06-04 12:10:41,101 [ERROR] ConditionMgr:805 - Attr not supported : Dmpu
2025-06-04 12:10:41,101 [ERROR] ConditionMgr:805 - Attr not supported : Dmpu
2025-06-04 12:10:41,101 [ERROR] ConditionMgr:805 - Attr not supported : Dmpu
2025-06-04 12:10:41,101 [ERROR] ConditionMgr:805 - Attr not supported : Dmpu
2025-06-04 12:10:41,101 [ERROR] ConditionMgr:805 - Attr not supported : Dmpu
2025-06-04 12:10:41,102 [ERROR] ConditionMgr:805 - Attr not supported : Dmpu
2025-06-04 12:10:41,102 [ERROR] ConditionMgr:805 - Attr not supported : Dmpu
2025-06-04 12:10:41,102 [ERROR] ConditionMgr:805 - Attr not supported : Dmpu
2025-06-04 12:10:41,102 [ERROR] ConditionMgr:805 - Attr not supported : Dmpu
2025-06-04 12:10:41,102 [ERROR] ConditionMgr:805 - Attr not supported : Dmpu
2025-06-04 12:10:41,116 [WARN] PackLoader:240 - Cannot read IP mode file for STMicroelectronics.X-CUBE-WB05N.2.0.0
2025-06-04 12:10:41,136 [WARN] PackLoader:240 - Cannot read IP mode file for STMicroelectronics.X-CUBE-BLEMGR.1.3.0
2025-06-04 12:10:41,152 [ERROR] Engine:466 - C:\Users\LENOVO\.stm32cubemx\thirdparties\pdsc\STMicroelectronics.X-CUBE-TCPP.4.2.0.pdsc: PDSC version is not supported
2025-06-04 12:10:41,167 [WARN] PackLoader:240 - Cannot read IP mode file for RealThread.X-CUBE-RT-Thread_Nano.4.1.1
2025-06-04 12:10:41,187 [WARN] PackLoader:240 - Cannot read IP mode file for STMicroelectronics.FP-ATR-SIGFOX1.3.2.0
2025-06-04 12:10:41,204 [WARN] ConditionMgr:438 - getConditionDescription Invalid condition id : Cortex-A Device cause : null
2025-06-04 12:10:41,235 [WARN] ConditionMgr:1039 - genDependencies : Invalid condition id : Cortex-A Device cause : null
2025-06-04 12:10:41,235 [WARN] ConditionMgr:1039 - genDependencies : Invalid condition id : Cortex-A Device cause : null
2025-06-04 12:10:41,235 [WARN] ConditionMgr:1039 - genDependencies : Invalid condition id : Cortex-A Device cause : null
2025-06-04 12:10:41,252 [WARN] PackLoader:240 - Cannot read IP mode file for STMicroelectronics.X-CUBE-EEPRMA1.5.1.0
2025-06-04 12:10:41,271 [WARN] PackLoader:240 - Cannot read IP mode file for STMicroelectronics.X-CUBE-TOUCHGFX.4.20.0
2025-06-04 12:10:41,290 [WARN] PackLoader:240 - Cannot read IP mode file for ITTIA_DB.I-CUBE-ITTIADB.8.9.0
2025-06-04 12:10:41,336 [WARN] PackLoader:240 - Cannot read IP mode file for SEGGER.I-CUBE-embOS.1.3.1
2025-06-04 12:10:41,379 [WARN] PackLoader:240 - Cannot read IP mode file for STMicroelectronics.X-CUBE-ALGOBUILD.1.4.0
2025-06-04 12:10:41,418 [WARN] PackLoader:240 - Cannot read IP mode file for SEGGER.I-CUBE-embOS.1.3.0
2025-06-04 12:10:41,473 [WARN] PackLoader:240 - Cannot read IP mode file for STMicroelectronics.X-CUBE-AI.9.1.0
2025-06-04 12:10:41,491 [WARN] PackLoader:240 - Cannot read IP mode file for STMicroelectronics.X-CUBE-GNSS1.6.0.0
2025-06-04 12:10:41,534 [WARN] PackLoader:240 - Cannot read IP mode file for STMicroelectronics.X-CUBE-AZRTOS-F4.1.1.0
2025-06-04 12:10:41,559 [ERROR] Engine:466 - C:\Users\LENOVO\.stm32cubemx\thirdparties\pdsc\Avnet-IotConnect.X-CUBE-IoTC-DA16k-PMOD.1.0.0.pdsc: PDSC version is not supported
2025-06-04 12:10:41,577 [WARN] PackLoader:240 - Cannot read IP mode file for STMicroelectronics.X-CUBE-ISPU.2.1.0
2025-06-04 12:10:41,596 [WARN] PackLoader:240 - Cannot read IP mode file for STMicroelectronics.X-CUBE-FREERTOS.1.2.0
2025-06-04 12:10:41,626 [WARN] PackLoader:240 - Cannot read IP mode file for STMicroelectronics.X-CUBE-AZRTOS-L5.2.0.0
2025-06-04 12:10:41,644 [WARN] PackLoader:240 - Cannot read IP mode file for STMicroelectronics.X-CUBE-NFC6.3.1.0
2025-06-04 12:10:41,665 [WARN] PackLoader:240 - Cannot read IP mode file for emotas.I-CUBE-CANOPEN.1.1.3
2025-06-04 12:10:41,682 [WARN] PackLoader:240 - Cannot read IP mode file for STMicroelectronics.X-CUBE-DPower.1.2.0
2025-06-04 12:10:41,698 [WARN] PackLoader:240 - Cannot read IP mode file for STMicroelectronics.X-CUBE-NFC4.2.0.5
2025-06-04 12:10:41,717 [WARN] PackLoader:240 - Cannot read IP mode file for wolfSSL.I-CUBE-wolfSSL.5.5.3
2025-06-04 12:10:41,730 [WARN] PackLoader:240 - Cannot read IP mode file for STMicroelectronics.X-CUBE-FREERTOS.1.3.1
2025-06-04 12:10:41,746 [WARN] PackLoader:240 - Cannot read IP mode file for STMicroelectronics.X-CUBE-FREERTOS.1.3.0
2025-06-04 12:10:41,763 [WARN] PackLoader:240 - Cannot read IP mode file for STMicroelectronics.X-CUBE-NFC7.1.0.1
2025-06-04 12:10:41,777 [WARN] PackLoader:240 - Cannot read IP mode file for STMicroelectronics.X-CUBE-NFC7.1.0.0
2025-06-04 12:10:41,796 [WARN] PackLoader:240 - Cannot read IP mode file for STMicroelectronics.X-CUBE-EEPRMA1.4.1.0
2025-06-04 12:10:41,813 [WARN] PackLoader:240 - Cannot read IP mode file for STMicroelectronics.X-CUBE-DPower.1.3.0
2025-06-04 12:10:41,852 [WARN] ConditionMgr:438 - getConditionDescription Invalid condition id : LAN8742 Phy interface Condition cause : null
2025-06-04 12:10:41,853 [WARN] PackLoader:240 - Cannot read IP mode file for STMicroelectronics.X-CUBE-AZRTOS-L4.2.0.0
2025-06-04 12:10:41,854 [WARN] ConditionMgr:1039 - genDependencies : Invalid condition id : LAN8742 Phy interface Condition cause : null
2025-06-04 12:10:41,854 [WARN] ConditionMgr:1039 - genDependencies : Invalid condition id : LAN8742 Phy interface Condition cause : null
2025-06-04 12:10:41,855 [WARN] ConditionMgr:1039 - genDependencies : Invalid condition id : LAN8742 Phy interface Condition cause : null
2025-06-04 12:10:41,873 [WARN] PackLoader:240 - Cannot read IP mode file for STMicroelectronics.X-CUBE-SFXS2LP1.4.0.0
2025-06-04 12:10:41,906 [WARN] PackLoader:240 - Cannot read IP mode file for STMicroelectronics.X-CUBE-AZRTOS-H7.3.0.0
2025-06-04 12:10:41,927 [WARN] PackLoader:240 - Cannot read IP mode file for STMicroelectronics.X-CUBE-ISPU.1.1.0
2025-06-04 12:10:41,969 [WARN] PackLoader:240 - Cannot read IP mode file for STMicroelectronics.X-CUBE-AZRTOS-H7.3.3.0
2025-06-04 12:10:41,988 [WARN] PackLoader:240 - Cannot read IP mode file for RoweBots.I-CUBE-UNISONRTOS.5.5.0-4
2025-06-04 12:10:42,013 [WARN] PackLoader:240 - Cannot read IP mode file for STMicroelectronics.X-CUBE-IPS.3.0.0
2025-06-04 12:10:42,056 [WARN] ConditionMgr:438 - getConditionDescription Invalid condition id : UX DEVICE CLASS RTOS Condition cause : null
2025-06-04 12:10:42,056 [WARN] ConditionMgr:438 - getConditionDescription Invalid condition id : UX DEVICE CLASS RTOS Condition cause : null
2025-06-04 12:10:42,058 [WARN] PackLoader:240 - Cannot read IP mode file for STMicroelectronics.X-CUBE-AZRTOS-WB.2.0.0
2025-06-04 12:10:42,058 [WARN] ConditionMgr:1039 - genDependencies : Invalid condition id : UX DEVICE CLASS RTOS Condition cause : null
2025-06-04 12:10:42,058 [WARN] ConditionMgr:1039 - genDependencies : Invalid condition id : UX DEVICE CLASS RTOS Condition cause : null
2025-06-04 12:10:42,058 [WARN] ConditionMgr:1039 - genDependencies : Invalid condition id : UX DEVICE CLASS RTOS Condition cause : null
2025-06-04 12:10:42,058 [WARN] ConditionMgr:1039 - genDependencies : Invalid condition id : UX DEVICE CLASS RTOS Condition cause : null
2025-06-04 12:10:42,059 [WARN] ConditionMgr:1039 - genDependencies : Invalid condition id : UX DEVICE CLASS RTOS Condition cause : null
2025-06-04 12:10:42,075 [WARN] PackLoader:240 - Cannot read IP mode file for STMicroelectronics.X-CUBE-GNSS1.7.0.0
2025-06-04 12:10:42,092 [WARN] PackLoader:240 - Cannot read IP mode file for STMicroelectronics.X-CUBE-GNSS1.7.0.1
2025-06-04 12:10:42,111 [WARN] PackLoader:240 - Cannot read IP mode file for STMicroelectronics.X-CUBE-TOUCHGFX.4.25.0
2025-06-04 12:10:42,128 [WARN] PackLoader:240 - Cannot read IP mode file for STMicroelectronics.FP-SNS-STBOX1.2.0.0
2025-06-04 12:10:42,153 [WARN] PackLoader:240 - Cannot read IP mode file for STMicroelectronics.X-CUBE-AZRTOS-L5.1.1.0
2025-06-04 12:10:42,178 [WARN] PackLoader:240 - Cannot read IP mode file for STMicroelectronics.X-CUBE-SUBG2.5.0.0
2025-06-04 12:10:42,214 [WARN] PackLoader:240 - Cannot read IP mode file for STMicroelectronics.X-CUBE-AZRTOS-H7RS.1.1.0
2025-06-04 12:10:42,230 [WARN] PackLoader:240 - Cannot read IP mode file for Cesanta.I-CUBE-Mongoose.7.13.0
2025-06-04 12:10:42,253 [WARN] PackLoader:240 - Cannot read IP mode file for STMicroelectronics.X-CUBE-AZRTOS-G4.2.0.0
2025-06-04 12:10:42,268 [WARN] PackLoader:240 - Cannot read IP mode file for STMicroelectronics.FP-ATR-ASTRA1.1.1.1
2025-06-04 12:10:42,280 [WARN] PackLoader:240 - Cannot read IP mode file for STMicroelectronics.X-CUBE-NFC7.2.0.0
2025-06-04 12:10:42,304 [WARN] PackLoader:240 - Cannot read IP mode file for STMicroelectronics.X-CUBE-AZRTOS-G4.1.0.0
2025-06-04 12:10:42,342 [WARN] PackLoader:240 - Cannot read IP mode file for STMicroelectronics.X-CUBE-AZRTOS-L4.1.0.0
2025-06-04 12:10:42,366 [ERROR] Engine:466 - C:\Users\LENOVO\.stm32cubemx\thirdparties\pdsc\STMicroelectronics.X-CUBE-IPS.3.1.0.pdsc: PDSC version is not supported
2025-06-04 12:10:42,383 [WARN] PackLoader:240 - Cannot read IP mode file for STMicroelectronics.X-CUBE-ALS.1.0.2
2025-06-04 12:10:42,399 [WARN] PackLoader:240 - Cannot read IP mode file for STMicroelectronics.X-CUBE-TOUCHGFX.4.24.2
2025-06-04 12:10:42,422 [WARN] PackLoader:240 - Cannot read IP mode file for STMicroelectronics.X-CUBE-AZRTOS-WL.1.0.0
2025-06-04 12:10:42,440 [WARN] PackLoader:240 - Cannot read IP mode file for STMicroelectronics.X-CUBE-TOUCHGFX.4.24.1
2025-06-04 12:10:42,454 [WARN] PackLoader:240 - Cannot read IP mode file for wolfSSL.I-CUBE-wolfTPM.3.4.0
2025-06-04 12:10:42,472 [WARN] PackLoader:240 - Cannot read IP mode file for portGmbH.I-Cube-SoM-uGOAL.1.1.0
2025-06-04 12:10:42,487 [WARN] PackLoader:240 - Cannot read IP mode file for STMicroelectronics.X-CUBE-ALS.1.0.1
2025-06-04 12:10:42,514 [WARN] PackLoader:240 - Cannot read IP mode file for STMicroelectronics.X-CUBE-AZRTOS-WB.1.1.0
2025-06-04 12:10:42,533 [WARN] PackLoader:240 - Cannot read IP mode file for STMicroelectronics.X-CUBE-EEPRMA1.3.1.1
2025-06-04 12:10:42,574 [WARN] PackLoader:240 - Cannot read IP mode file for STMicroelectronics.X-CUBE-AZRTOS-H7RS.1.0.0
2025-06-04 12:10:42,599 [WARN] PackLoader:240 - Cannot read IP mode file for STMicroelectronics.X-CUBE-TOF1.3.4.2
2025-06-04 12:10:42,632 [ERROR] Engine:466 - C:\Users\LENOVO\.stm32cubemx\thirdparties\pdsc\STMicroelectronics.X-CUBE-TOF1.3.4.3.pdsc: PDSC version is not supported
2025-06-04 12:10:42,668 [WARN] PackLoader:240 - Cannot read IP mode file for Infineon.AIROC-Wi-Fi-Bluetooth-STM32.1.6.1
2025-06-04 12:10:42,685 [WARN] PackLoader:240 - Cannot read IP mode file for wolfSSL.I-CUBE-wolfSSH.1.4.17
2025-06-04 12:10:42,685 [INFO] ThirdParty:978 - Integrity check success = true
2025-06-04 12:10:42,686 [INFO] IntegrityCheckThread:100 - exiting critical section [integrity check]
2025-06-04 12:10:42,686 [INFO] IntegrityCheckThread:103 - End integrity checks thread
2025-06-04 12:10:58,971 [ERROR] ConfigurationRetriever:142 - IOException on connection: PKIX path building failed: sun.security.provider.certpath.SunCertPathBuilderException: unable to find valid certification path to requested target
2025-06-04 12:10:59,063 [ERROR] ConfigurationRetriever:142 - IOException on connection: PKIX path building failed: sun.security.provider.certpath.SunCertPathBuilderException: unable to find valid certification path to requested target
2025-06-04 12:10:59,162 [ERROR] ConfigurationRetriever:142 - IOException on connection: PKIX path building failed: sun.security.provider.certpath.SunCertPathBuilderException: unable to find valid certification path to requested target
2025-06-04 12:12:55,003 [ERROR] ConfigurationRetriever:142 - IOException on connection: PKIX path building failed: sun.security.provider.certpath.SunCertPathBuilderException: unable to find valid certification path to requested target
2025-06-04 12:12:55,052 [ERROR] ConfigurationRetriever:142 - IOException on connection: PKIX path building failed: sun.security.provider.certpath.SunCertPathBuilderException: unable to find valid certification path to requested target
2025-06-04 12:12:55,101 [ERROR] ConfigurationRetriever:142 - IOException on connection: PKIX path building failed: sun.security.provider.certpath.SunCertPathBuilderException: unable to find valid certification path to requested target
2025-06-04 12:14:47,401 [ERROR] ConfigurationRetriever:142 - IOException on connection: PKIX path building failed: sun.security.provider.certpath.SunCertPathBuilderException: unable to find valid certification path to requested target
2025-06-04 12:14:47,451 [ERROR] ConfigurationRetriever:142 - IOException on connection: PKIX path building failed: sun.security.provider.certpath.SunCertPathBuilderException: unable to find valid certification path to requested target
2025-06-04 12:14:47,503 [ERROR] ConfigurationRetriever:142 - IOException on connection: PKIX path building failed: sun.security.provider.certpath.SunCertPathBuilderException: unable to find valid certification path to requested target
2025-06-04 12:17:30,040 [ERROR] ConfigurationRetriever:142 - IOException on connection: PKIX path building failed: sun.security.provider.certpath.SunCertPathBuilderException: unable to find valid certification path to requested target
2025-06-04 12:17:30,090 [ERROR] ConfigurationRetriever:142 - IOException on connection: PKIX path building failed: sun.security.provider.certpath.SunCertPathBuilderException: unable to find valid certification path to requested target
2025-06-04 12:17:30,141 [ERROR] ConfigurationRetriever:142 - IOException on connection: PKIX path building failed: sun.security.provider.certpath.SunCertPathBuilderException: unable to find valid certification path to requested target
2025-06-04 12:18:32,740 [ERROR] ConfigurationRetriever:142 - IOException on connection: PKIX path building failed: sun.security.provider.certpath.SunCertPathBuilderException: unable to find valid certification path to requested target
2025-06-04 12:18:32,794 [ERROR] ConfigurationRetriever:142 - IOException on connection: PKIX path building failed: sun.security.provider.certpath.SunCertPathBuilderException: unable to find valid certification path to requested target
2025-06-04 12:18:32,845 [ERROR] ConfigurationRetriever:142 - IOException on connection: PKIX path building failed: sun.security.provider.certpath.SunCertPathBuilderException: unable to find valid certification path to requested target
2025-06-04 12:18:59,669 [ERROR] ConfigurationRetriever:142 - IOException on connection: PKIX path building failed: sun.security.provider.certpath.SunCertPathBuilderException: unable to find valid certification path to requested target
2025-06-04 12:18:59,726 [ERROR] ConfigurationRetriever:142 - IOException on connection: PKIX path building failed: sun.security.provider.certpath.SunCertPathBuilderException: unable to find valid certification path to requested target
2025-06-04 12:18:59,824 [ERROR] ConfigurationRetriever:142 - IOException on connection: PKIX path building failed: sun.security.provider.certpath.SunCertPathBuilderException: unable to find valid certification path to requested target
2025-06-04 12:23:08,382 [ERROR] ConfigurationRetriever:142 - IOException on connection: PKIX path building failed: sun.security.provider.certpath.SunCertPathBuilderException: unable to find valid certification path to requested target
2025-06-04 12:23:08,436 [ERROR] ConfigurationRetriever:142 - IOException on connection: PKIX path building failed: sun.security.provider.certpath.SunCertPathBuilderException: unable to find valid certification path to requested target
2025-06-04 12:23:08,488 [ERROR] ConfigurationRetriever:142 - IOException on connection: PKIX path building failed: sun.security.provider.certpath.SunCertPathBuilderException: unable to find valid certification path to requested target
2025-06-04 12:25:19,160 [ERROR] ConfigurationRetriever:142 - IOException on connection: PKIX path building failed: sun.security.provider.certpath.SunCertPathBuilderException: unable to find valid certification path to requested target
2025-06-04 12:25:19,214 [ERROR] ConfigurationRetriever:142 - IOException on connection: PKIX path building failed: sun.security.provider.certpath.SunCertPathBuilderException: unable to find valid certification path to requested target
2025-06-04 12:25:19,270 [ERROR] ConfigurationRetriever:142 - IOException on connection: PKIX path building failed: sun.security.provider.certpath.SunCertPathBuilderException: unable to find valid certification path to requested target
2025-06-04 12:28:18,826 [ERROR] ConfigurationRetriever:142 - IOException on connection: PKIX path building failed: sun.security.provider.certpath.SunCertPathBuilderException: unable to find valid certification path to requested target
2025-06-04 12:28:18,883 [ERROR] ConfigurationRetriever:142 - IOException on connection: PKIX path building failed: sun.security.provider.certpath.SunCertPathBuilderException: unable to find valid certification path to requested target
2025-06-04 12:28:18,938 [ERROR] ConfigurationRetriever:142 - IOException on connection: PKIX path building failed: sun.security.provider.certpath.SunCertPathBuilderException: unable to find valid certification path to requested target
